# JRE version: OpenJDK Runtime Environment Temurin-21.0.9+10 (21.0.9+10) (build 21.0.9+10-LTS)
# Java VM: OpenJDK 64-Bit Server VM Temurin-21.0.9+10 (21.0.9+10-LTS, mixed mode, sharing, tiered, compressed oops, compressed class ptrs, parallel gc, windows-amd64)
GC Precious Log:
 CardTable entry size: 512
 CPUs: 5 total, 5 available
 Memory: 16244M
 Large Page Support: Disabled
 NUMA Support: Disabled
 Compressed Oops: Enabled (32-bit)
 Alignments: Space 512K, Generation 512K, Heap 2M
 Heap Min Capacity: 100M
 Heap Initial Capacity: 100M
 Heap Max Capacity: 2G
 Pre-touch: Disabled
 Parallel Workers: 5
Heap:
 PSYoungGen      total 24576K, used 12722K [0x00000000d5580000, 0x00000000d9580000, 0x0000000100000000)
  eden space 20480K, 42% used [0x00000000d5580000,0x00000000d5defb70,0x00000000d6980000)
  from space 4096K, 99% used [0x00000000d6980000,0x00000000d6d7cfa0,0x00000000d6d80000)
  to   space 22528K, 0% used [0x00000000d7f80000,0x00000000d7f80000,0x00000000d9580000)
 ParOldGen       total 68608K, used 42954K [0x0000000080000000, 0x0000000084300000, 0x00000000d5580000)
  object space 68608K, 62% used [0x0000000080000000,0x00000000829f2a40,0x0000000084300000)
 Metaspace       used 15291K, committed 16064K, reserved 1114112K
  class space    used 1355K, committed 1664K, reserved 1048576K
GC Heap History (20 events):
Event: 8.439 GC heap before
{Heap before GC invocations=10 (full 0):
 PSYoungGen      total 27136K, used 27129K [0x00000000d5580000, 0x00000000d7500000, 0x0000000100000000)
  eden space 23040K, 100% used [0x00000000d5580000,0x00000000d6c00000,0x00000000d6c00000)
  from space 4096K, 99% used [0x00000000d6d00000,0x00000000d70fe558,0x00000000d7100000)
  to   space 4096K, 0% used [0x00000000d7100000,0x00000000d7100000,0x00000000d7500000)
 ParOldGen       total 68608K, used 12266K [0x0000000080000000, 0x0000000084300000, 0x00000000d5580000)
  object space 68608K, 17% used [0x0000000080000000,0x0000000080bfa888,0x0000000084300000)
 Metaspace       used 11682K, committed 12416K, reserved 1114112K
  class space    used 1036K, committed 1344K, reserved 1048576K
}
Event: 8.445 GC heap after
{Heap after GC invocations=10 (full 0):
 PSYoungGen      total 26112K, used 3208K [0x00000000d5580000, 0x00000000d7480000, 0x0000000100000000)
  eden space 22528K, 0% used [0x00000000d5580000,0x00000000d5580000,0x00000000d6b80000)
  from space 3584K, 89% used [0x00000000d7100000,0x00000000d74222b0,0x00000000d7480000)
  to   space 4096K, 0% used [0x00000000d6c80000,0x00000000d6c80000,0x00000000d7080000)
 ParOldGen       total 68608K, used 14406K [0x0000000080000000, 0x0000000084300000, 0x00000000d5580000)
  object space 68608K, 20% used [0x0000000080000000,0x0000000080e11a08,0x0000000084300000)
 Metaspace       used 11682K, committed 12416K, reserved 1114112K
  class space    used 1036K, committed 1344K, reserved 1048576K
}
Event: 8.699 GC heap before
{Heap before GC invocations=11 (full 0):
 PSYoungGen      total 26112K, used 25736K [0x00000000d5580000, 0x00000000d7480000, 0x0000000100000000)
  eden space 22528K, 100% used [0x00000000d5580000,0x00000000d6b80000,0x00000000d6b80000)
  from space 3584K, 89% used [0x00000000d7100000,0x00000000d74222b0,0x00000000d7480000)
  to   space 4096K, 0% used [0x00000000d6c80000,0x00000000d6c80000,0x00000000d7080000)
 ParOldGen       total 68608K, used 14406K [0x0000000080000000, 0x0000000084300000, 0x00000000d5580000)
  object space 68608K, 20% used [0x0000000080000000,0x0000000080e11a08,0x0000000084300000)
 Metaspace       used 11952K, committed 12608K, reserved 1114112K
  class space    used 1075K, committed 1344K, reserved 1048576K
}
Event: 8.705 GC heap after
{Heap after GC invocations=11 (full 0):
 PSYoungGen      total 23552K, used 1400K [0x00000000d5580000, 0x00000000d7180000, 0x0000000100000000)
  eden space 22016K, 0% used [0x00000000d5580000,0x00000000d5580000,0x00000000d6b00000)
  from space 1536K, 91% used [0x00000000d6c80000,0x00000000d6dde1e8,0x00000000d6e00000)
  to   space 2560K, 0% used [0x00000000d6f00000,0x00000000d6f00000,0x00000000d7180000)
 ParOldGen       total 68608K, used 17505K [0x0000000080000000, 0x0000000084300000, 0x00000000d5580000)
  object space 68608K, 25% used [0x0000000080000000,0x00000000811184e0,0x0000000084300000)
 Metaspace       used 11952K, committed 12608K, reserved 1114112K
  class space    used 1075K, committed 1344K, reserved 1048576K
}
Event: 8.903 GC heap before
{Heap before GC invocations=12 (full 0):
 PSYoungGen      total 23552K, used 23387K [0x00000000d5580000, 0x00000000d7180000, 0x0000000100000000)
  eden space 22016K, 99% used [0x00000000d5580000,0x00000000d6af8dc8,0x00000000d6b00000)
  from space 1536K, 91% used [0x00000000d6c80000,0x00000000d6dde1e8,0x00000000d6e00000)
  to   space 2560K, 0% used [0x00000000d6f00000,0x00000000d6f00000,0x00000000d7180000)
 ParOldGen       total 68608K, used 17505K [0x0000000080000000, 0x0000000084300000, 0x00000000d5580000)
  object space 68608K, 25% used [0x0000000080000000,0x00000000811184e0,0x0000000084300000)
 Metaspace       used 12258K, committed 12992K, reserved 1114112K
  class space    used 1096K, committed 1408K, reserved 1048576K
}
Event: 8.908 GC heap after
{Heap after GC invocations=12 (full 0):
 PSYoungGen      total 23552K, used 1512K [0x00000000d5580000, 0x00000000d7080000, 0x0000000100000000)
  eden space 22016K, 0% used [0x00000000d5580000,0x00000000d5580000,0x00000000d6b00000)
  from space 1536K, 98% used [0x00000000d6f00000,0x00000000d707a1a0,0x00000000d7080000)
  to   space 2048K, 0% used [0x00000000d6c80000,0x00000000d6c80000,0x00000000d6e80000)
 ParOldGen       total 68608K, used 18605K [0x0000000080000000, 0x0000000084300000, 0x00000000d5580000)
  object space 68608K, 27% used [0x0000000080000000,0x000000008122b468,0x0000000084300000)
 Metaspace       used 12258K, committed 12992K, reserved 1114112K
  class space    used 1096K, committed 1408K, reserved 1048576K
}
Event: 9.057 GC heap before
{Heap before GC invocations=13 (full 0):
 PSYoungGen      total 23552K, used 23526K [0x00000000d5580000, 0x00000000d7080000, 0x0000000100000000)
  eden space 22016K, 99% used [0x00000000d5580000,0x00000000d6aff8a8,0x00000000d6b00000)
  from space 1536K, 98% used [0x00000000d6f00000,0x00000000d707a1a0,0x00000000d7080000)
  to   space 2048K, 0% used [0x00000000d6c80000,0x00000000d6c80000,0x00000000d6e80000)
 ParOldGen       total 68608K, used 18605K [0x0000000080000000, 0x0000000084300000, 0x00000000d5580000)
  object space 68608K, 27% used [0x0000000080000000,0x000000008122b468,0x0000000084300000)
 Metaspace       used 12571K, committed 13312K, reserved 1114112K
  class space    used 1110K, committed 1408K, reserved 1048576K
}
Event: 9.060 GC heap after
{Heap after GC invocations=13 (full 0):
 PSYoungGen      total 23552K, used 1025K [0x00000000d5580000, 0x00000000d6f80000, 0x0000000100000000)
  eden space 22016K, 0% used [0x00000000d5580000,0x00000000d5580000,0x00000000d6b00000)
  from space 1536K, 66% used [0x00000000d6c80000,0x00000000d6d80448,0x00000000d6e00000)
  to   space 1536K, 0% used [0x00000000d6e00000,0x00000000d6e00000,0x00000000d6f80000)
 ParOldGen       total 68608K, used 19899K [0x0000000080000000, 0x0000000084300000, 0x00000000d5580000)
  object space 68608K, 29% used [0x0000000080000000,0x000000008136ef00,0x0000000084300000)
 Metaspace       used 12571K, committed 13312K, reserved 1114112K
  class space    used 1110K, committed 1408K, reserved 1048576K
}
Event: 9.260 GC heap before
{Heap before GC invocations=14 (full 0):
 PSYoungGen      total 23552K, used 23041K [0x00000000d5580000, 0x00000000d6f80000, 0x0000000100000000)
  eden space 22016K, 100% used [0x00000000d5580000,0x00000000d6b00000,0x00000000d6b00000)
  from space 1536K, 66% used [0x00000000d6c80000,0x00000000d6d80448,0x00000000d6e00000)
  to   space 1536K, 0% used [0x00000000d6e00000,0x00000000d6e00000,0x00000000d6f80000)
 ParOldGen       total 68608K, used 19899K [0x0000000080000000, 0x0000000084300000, 0x00000000d5580000)
  object space 68608K, 29% used [0x0000000080000000,0x000000008136ef00,0x0000000084300000)
 Metaspace       used 12940K, committed 13696K, reserved 1114112K
  class space    used 1132K, committed 1408K, reserved 1048576K
}
Event: 9.266 GC heap after
{Heap after GC invocations=14 (full 0):
 PSYoungGen      total 23552K, used 1524K [0x00000000d5580000, 0x00000000d6f80000, 0x0000000100000000)
  eden space 22016K, 0% used [0x00000000d5580000,0x00000000d5580000,0x00000000d6b00000)
  from space 1536K, 99% used [0x00000000d6e00000,0x00000000d6f7d070,0x00000000d6f80000)
  to   space 2048K, 0% used [0x00000000d6b80000,0x00000000d6b80000,0x00000000d6d80000)
 ParOldGen       total 68608K, used 20755K [0x0000000080000000, 0x0000000084300000, 0x00000000d5580000)
  object space 68608K, 30% used [0x0000000080000000,0x0000000081444fd8,0x0000000084300000)
 Metaspace       used 12940K, committed 13696K, reserved 1114112K
  class space    used 1132K, committed 1408K, reserved 1048576K
}
Event: 9.459 GC heap before
{Heap before GC invocations=15 (full 0):
 PSYoungGen      total 23552K, used 23540K [0x00000000d5580000, 0x00000000d6f80000, 0x0000000100000000)
  eden space 22016K, 100% used [0x00000000d5580000,0x00000000d6b00000,0x00000000d6b00000)
  from space 1536K, 99% used [0x00000000d6e00000,0x00000000d6f7d070,0x00000000d6f80000)
  to   space 2048K, 0% used [0x00000000d6b80000,0x00000000d6b80000,0x00000000d6d80000)
 ParOldGen       total 68608K, used 20755K [0x0000000080000000, 0x0000000084300000, 0x00000000d5580000)
  object space 68608K, 30% used [0x0000000080000000,0x0000000081444fd8,0x0000000084300000)
 Metaspace       used 13155K, committed 13888K, reserved 1114112K
  class space    used 1139K, committed 1408K, reserved 1048576K
}
Event: 9.464 GC heap after
{Heap after GC invocations=15 (full 0):
 PSYoungGen      total 24064K, used 1888K [0x00000000d5580000, 0x00000000d6f00000, 0x0000000100000000)
  eden space 22016K, 0% used [0x00000000d5580000,0x00000000d5580000,0x00000000d6b00000)
  from space 2048K, 92% used [0x00000000d6b80000,0x00000000d6d58000,0x00000000d6d80000)
  to   space 1536K, 0% used [0x00000000d6d80000,0x00000000d6d80000,0x00000000d6f00000)
 ParOldGen       total 68608K, used 22136K [0x0000000080000000, 0x0000000084300000, 0x00000000d5580000)
  object space 68608K, 32% used [0x0000000080000000,0x000000008159e068,0x0000000084300000)
 Metaspace       used 13155K, committed 13888K, reserved 1114112K
  class space    used 1139K, committed 1408K, reserved 1048576K
}
Event: 9.693 GC heap before
{Heap before GC invocations=16 (full 0):
 PSYoungGen      total 24064K, used 23904K [0x00000000d5580000, 0x00000000d6f00000, 0x0000000100000000)
  eden space 22016K, 100% used [0x00000000d5580000,0x00000000d6b00000,0x00000000d6b00000)
  from space 2048K, 92% used [0x00000000d6b80000,0x00000000d6d58000,0x00000000d6d80000)
  to   space 1536K, 0% used [0x00000000d6d80000,0x00000000d6d80000,0x00000000d6f00000)
 ParOldGen       total 68608K, used 22136K [0x0000000080000000, 0x0000000084300000, 0x00000000d5580000)
  object space 68608K, 32% used [0x0000000080000000,0x000000008159e068,0x0000000084300000)
 Metaspace       used 13530K, committed 14336K, reserved 1114112K
  class space    used 1185K, committed 1472K, reserved 1048576K
}
Event: 9.698 GC heap after
{Heap after GC invocations=16 (full 0):
 PSYoungGen      total 23552K, used 1152K [0x00000000d5580000, 0x00000000d6f00000, 0x0000000100000000)
  eden space 22016K, 0% used [0x00000000d5580000,0x00000000d5580000,0x00000000d6b00000)
  from space 1536K, 75% used [0x00000000d6d80000,0x00000000d6ea0000,0x00000000d6f00000)
  to   space 1536K, 0% used [0x00000000d6c00000,0x00000000d6c00000,0x00000000d6d80000)
 ParOldGen       total 68608K, used 23867K [0x0000000080000000, 0x0000000084300000, 0x00000000d5580000)
  object space 68608K, 34% used [0x0000000080000000,0x000000008174ed78,0x0000000084300000)
 Metaspace       used 13530K, committed 14336K, reserved 1114112K
  class space    used 1185K, committed 1472K, reserved 1048576K
}
Event: 10.458 GC heap before
{Heap before GC invocations=17 (full 0):
 PSYoungGen      total 23552K, used 23168K [0x00000000d5580000, 0x00000000d6f00000, 0x0000000100000000)
  eden space 22016K, 100% used [0x00000000d5580000,0x00000000d6b00000,0x00000000d6b00000)
  from space 1536K, 75% used [0x00000000d6d80000,0x00000000d6ea0000,0x00000000d6f00000)
  to   space 1536K, 0% used [0x00000000d6c00000,0x00000000d6c00000,0x00000000d6d80000)
 ParOldGen       total 68608K, used 23867K [0x0000000080000000, 0x0000000084300000, 0x00000000d5580000)
  object space 68608K, 34% used [0x0000000080000000,0x000000008174ed78,0x0000000084300000)
 Metaspace       used 14500K, committed 15296K, reserved 1114112K
  class space    used 1290K, committed 1600K, reserved 1048576K
}
Event: 10.464 GC heap after
{Heap after GC invocations=17 (full 0):
 PSYoungGen      total 23552K, used 1152K [0x00000000d5580000, 0x00000000d6e00000, 0x0000000100000000)
  eden space 22016K, 0% used [0x00000000d5580000,0x00000000d5580000,0x00000000d6b00000)
  from space 1536K, 75% used [0x00000000d6c00000,0x00000000d6d20000,0x00000000d6d80000)
  to   space 512K, 0% used [0x00000000d6d80000,0x00000000d6d80000,0x00000000d6e00000)
 ParOldGen       total 68608K, used 24911K [0x0000000080000000, 0x0000000084300000, 0x00000000d5580000)
  object space 68608K, 36% used [0x0000000080000000,0x0000000081853d88,0x0000000084300000)
 Metaspace       used 14500K, committed 15296K, reserved 1114112K
  class space    used 1290K, committed 1600K, reserved 1048576K
}
Event: 12.708 GC heap before
{Heap before GC invocations=18 (full 0):
 PSYoungGen      total 23552K, used 23168K [0x00000000d5580000, 0x00000000d6e00000, 0x0000000100000000)
  eden space 22016K, 100% used [0x00000000d5580000,0x00000000d6b00000,0x00000000d6b00000)
  from space 1536K, 75% used [0x00000000d6c00000,0x00000000d6d20000,0x00000000d6d80000)
  to   space 512K, 0% used [0x00000000d6d80000,0x00000000d6d80000,0x00000000d6e00000)
 ParOldGen       total 68608K, used 24911K [0x0000000080000000, 0x0000000084300000, 0x00000000d5580000)
  object space 68608K, 36% used [0x0000000080000000,0x0000000081853d88,0x0000000084300000)
 Metaspace       used 15091K, committed 15872K, reserved 1114112K
  class space    used 1340K, committed 1664K, reserved 1048576K
}
Event: 12.717 GC heap after
{Heap after GC invocations=18 (full 0):
 PSYoungGen      total 20992K, used 512K [0x00000000d5580000, 0x00000000d7300000, 0x0000000100000000)
  eden space 20480K, 0% used [0x00000000d5580000,0x00000000d5580000,0x00000000d6980000)
  from space 512K, 100% used [0x00000000d6d80000,0x00000000d6e00000,0x00000000d6e00000)
  to   space 4096K, 0% used [0x00000000d6980000,0x00000000d6980000,0x00000000d6d80000)
 ParOldGen       total 68608K, used 27676K [0x0000000080000000, 0x0000000084300000, 0x00000000d5580000)
  object space 68608K, 40% used [0x0000000080000000,0x0000000081b073a0,0x0000000084300000)
 Metaspace       used 15091K, committed 15872K, reserved 1114112K
  class space    used 1340K, committed 1664K, reserved 1048576K
}
Event: 13.749 GC heap before
{Heap before GC invocations=19 (full 0):
 PSYoungGen      total 20992K, used 20992K [0x00000000d5580000, 0x00000000d7300000, 0x0000000100000000)
  eden space 20480K, 100% used [0x00000000d5580000,0x00000000d6980000,0x00000000d6980000)
  from space 512K, 100% used [0x00000000d6d80000,0x00000000d6e00000,0x00000000d6e00000)
  to   space 4096K, 0% used [0x00000000d6980000,0x00000000d6980000,0x00000000d6d80000)
 ParOldGen       total 68608K, used 27676K [0x0000000080000000, 0x0000000084300000, 0x00000000d5580000)
  object space 68608K, 40% used [0x0000000080000000,0x0000000081b073a0,0x0000000084300000)
 Metaspace       used 15153K, committed 16000K, reserved 1114112K
  class space    used 1342K, committed 1664K, reserved 1048576K
}
Event: 13.764 GC heap after
{Heap after GC invocations=19 (full 0):
 PSYoungGen      total 24576K, used 4083K [0x00000000d5580000, 0x00000000d9580000, 0x0000000100000000)
  eden space 20480K, 0% used [0x00000000d5580000,0x00000000d5580000,0x00000000d6980000)
  from space 4096K, 99% used [0x00000000d6980000,0x00000000d6d7cfa0,0x00000000d6d80000)
  to   space 22528K, 0% used [0x00000000d7f80000,0x00000000d7f80000,0x00000000d9580000)
 ParOldGen       total 68608K, used 42954K [0x0000000080000000, 0x0000000084300000, 0x00000000d5580000)
  object space 68608K, 62% used [0x0000000080000000,0x00000000829f2a40,0x0000000084300000)
 Metaspace       used 15153K, committed 16000K, reserved 1114112K
  class space    used 1342K, committed 1664K, reserved 1048576K
}

