# JRE version: OpenJDK Runtime Environment Temurin-21.0.9+10 (21.0.9+10) (build 21.0.9+10-LTS)
# Java VM: OpenJDK 64-Bit Server VM Temurin-21.0.9+10 (21.0.9+10-LTS, mixed mode, sharing, tiered, compressed oops, compressed class ptrs, parallel gc, windows-amd64)
GC Precious Log:
 CardTable entry size: 512
 CPUs: 5 total, 5 available
 Memory: 16244M
 Large Page Support: Disabled
 NUMA Support: Disabled
 Compressed Oops: Enabled (32-bit)
 Alignments: Space 512K, Generation 512K, Heap 2M
 Heap Min Capacity: 100M
 Heap Initial Capacity: 100M
 Heap Max Capacity: 2G
 Pre-touch: Disabled
 Parallel Workers: 5
Heap:
 PSYoungGen      total 18432K, used 17408K [0x00000000d5580000, 0x00000000d6900000, 0x0000000100000000)
  eden space 17408K, 100% used [0x00000000d5580000,0x00000000d6680000,0x00000000d6680000)
  from space 1024K, 0% used [0x00000000d6800000,0x00000000d6800000,0x00000000d6900000)
  to   space 1024K, 97% used [0x00000000d6700000,0x00000000d67f96d0,0x00000000d6800000)
 ParOldGen       total 93696K, used 93692K [0x0000000080000000, 0x0000000085b80000, 0x00000000d5580000)
  object space 93696K, 99% used [0x0000000080000000,0x0000000085b7f3d8,0x0000000085b80000)
 Metaspace       used 22671K, committed 23744K, reserved 1114112K
  class space    used 2088K, committed 2496K, reserved 1048576K
GC Heap History (20 events):
Event: 58.125 GC heap after
{Heap after GC invocations=56 (full 5):
 PSYoungGen      total 17408K, used 0K [0x00000000d5580000, 0x00000000d6900000, 0x0000000100000000)
  eden space 16896K, 0% used [0x00000000d5580000,0x00000000d5580000,0x00000000d6600000)
  from space 512K, 0% used [0x00000000d6880000,0x00000000d6880000,0x00000000d6900000)
  to   space 1024K, 0% used [0x00000000d6700000,0x00000000d6700000,0x00000000d6800000)
 ParOldGen       total 78336K, used 70754K [0x0000000080000000, 0x0000000084c80000, 0x00000000d5580000)
  object space 78336K, 90% used [0x0000000080000000,0x0000000084518b00,0x0000000084c80000)
 Metaspace       used 22646K, committed 23744K, reserved 1114112K
  class space    used 2087K, committed 2496K, reserved 1048576K
}
Event: 58.151 GC heap before
{Heap before GC invocations=57 (full 5):
 PSYoungGen      total 17408K, used 16896K [0x00000000d5580000, 0x00000000d6900000, 0x0000000100000000)
  eden space 16896K, 100% used [0x00000000d5580000,0x00000000d6600000,0x00000000d6600000)
  from space 512K, 0% used [0x00000000d6880000,0x00000000d6880000,0x00000000d6900000)
  to   space 1024K, 0% used [0x00000000d6700000,0x00000000d6700000,0x00000000d6800000)
 ParOldGen       total 78336K, used 70754K [0x0000000080000000, 0x0000000084c80000, 0x00000000d5580000)
  object space 78336K, 90% used [0x0000000080000000,0x0000000084518b00,0x0000000084c80000)
 Metaspace       used 22665K, committed 23744K, reserved 1114112K
  class space    used 2088K, committed 2496K, reserved 1048576K
}
Event: 58.154 GC heap after
{Heap after GC invocations=57 (full 5):
 PSYoungGen      total 17408K, used 16896K [0x00000000d5580000, 0x00000000d6900000, 0x0000000100000000)
  eden space 16896K, 100% used [0x00000000d5580000,0x00000000d6600000,0x00000000d6600000)
  from space 512K, 0% used [0x00000000d6880000,0x00000000d6880000,0x00000000d6900000)
  to   space 1024K, 99% used [0x00000000d6700000,0x00000000d67ff0a8,0x00000000d6800000)
 ParOldGen       total 78336K, used 70914K [0x0000000080000000, 0x0000000084c80000, 0x00000000d5580000)
  object space 78336K, 90% used [0x0000000080000000,0x0000000084540b00,0x0000000084c80000)
 Metaspace       used 22665K, committed 23744K, reserved 1114112K
  class space    used 2088K, committed 2496K, reserved 1048576K
}
Event: 58.154 GC heap before
{Heap before GC invocations=58 (full 6):
 PSYoungGen      total 17408K, used 16896K [0x00000000d5580000, 0x00000000d6900000, 0x0000000100000000)
  eden space 16896K, 100% used [0x00000000d5580000,0x00000000d6600000,0x00000000d6600000)
  from space 512K, 0% used [0x00000000d6880000,0x00000000d6880000,0x00000000d6900000)
  to   space 1024K, 99% used [0x00000000d6700000,0x00000000d67ff0a8,0x00000000d6800000)
 ParOldGen       total 78336K, used 70914K [0x0000000080000000, 0x0000000084c80000, 0x00000000d5580000)
  object space 78336K, 90% used [0x0000000080000000,0x0000000084540b00,0x0000000084c80000)
 Metaspace       used 22665K, committed 23744K, reserved 1114112K
  class space    used 2088K, committed 2496K, reserved 1048576K
}
Event: 58.249 GC heap after
{Heap after GC invocations=58 (full 6):
 PSYoungGen      total 18432K, used 0K [0x00000000d5580000, 0x00000000d6900000, 0x0000000100000000)
  eden space 17408K, 0% used [0x00000000d5580000,0x00000000d5580000,0x00000000d6680000)
  from space 1024K, 0% used [0x00000000d6700000,0x00000000d6700000,0x00000000d6800000)
  to   space 1024K, 0% used [0x00000000d6800000,0x00000000d6800000,0x00000000d6900000)
 ParOldGen       total 78336K, used 70493K [0x0000000080000000, 0x0000000084c80000, 0x00000000d5580000)
  object space 78336K, 89% used [0x0000000080000000,0x00000000844d75e0,0x0000000084c80000)
 Metaspace       used 22665K, committed 23744K, reserved 1114112K
  class space    used 2088K, committed 2496K, reserved 1048576K
}
Event: 58.349 GC heap before
{Heap before GC invocations=59 (full 6):
 PSYoungGen      total 18432K, used 17408K [0x00000000d5580000, 0x00000000d6900000, 0x0000000100000000)
  eden space 17408K, 100% used [0x00000000d5580000,0x00000000d6680000,0x00000000d6680000)
  from space 1024K, 0% used [0x00000000d6700000,0x00000000d6700000,0x00000000d6800000)
  to   space 1024K, 0% used [0x00000000d6800000,0x00000000d6800000,0x00000000d6900000)
 ParOldGen       total 78336K, used 70493K [0x0000000080000000, 0x0000000084c80000, 0x00000000d5580000)
  object space 78336K, 89% used [0x0000000080000000,0x00000000844d75e0,0x0000000084c80000)
 Metaspace       used 22665K, committed 23744K, reserved 1114112K
  class space    used 2088K, committed 2496K, reserved 1048576K
}
Event: 58.358 GC heap after
{Heap after GC invocations=59 (full 6):
 PSYoungGen      total 18432K, used 1006K [0x00000000d5580000, 0x00000000d6900000, 0x0000000100000000)
  eden space 17408K, 0% used [0x00000000d5580000,0x00000000d5580000,0x00000000d6680000)
  from space 1024K, 98% used [0x00000000d6800000,0x00000000d68fbab0,0x00000000d6900000)
  to   space 1024K, 0% used [0x00000000d6700000,0x00000000d6700000,0x00000000d6800000)
 ParOldGen       total 78336K, used 74624K [0x0000000080000000, 0x0000000084c80000, 0x00000000d5580000)
  object space 78336K, 95% used [0x0000000080000000,0x00000000848e0230,0x0000000084c80000)
 Metaspace       used 22665K, committed 23744K, reserved 1114112K
  class space    used 2088K, committed 2496K, reserved 1048576K
}
Event: 58.404 GC heap before
{Heap before GC invocations=60 (full 6):
 PSYoungGen      total 18432K, used 18414K [0x00000000d5580000, 0x00000000d6900000, 0x0000000100000000)
  eden space 17408K, 100% used [0x00000000d5580000,0x00000000d6680000,0x00000000d6680000)
  from space 1024K, 98% used [0x00000000d6800000,0x00000000d68fbab0,0x00000000d6900000)
  to   space 1024K, 0% used [0x00000000d6700000,0x00000000d6700000,0x00000000d6800000)
 ParOldGen       total 78336K, used 74624K [0x0000000080000000, 0x0000000084c80000, 0x00000000d5580000)
  object space 78336K, 95% used [0x0000000080000000,0x00000000848e0230,0x0000000084c80000)
 Metaspace       used 22665K, committed 23744K, reserved 1114112K
  class space    used 2088K, committed 2496K, reserved 1048576K
}
Event: 58.417 GC heap after
{Heap after GC invocations=60 (full 6):
 PSYoungGen      total 18432K, used 1024K [0x00000000d5580000, 0x00000000d6900000, 0x0000000100000000)
  eden space 17408K, 0% used [0x00000000d5580000,0x00000000d5580000,0x00000000d6680000)
  from space 1024K, 100% used [0x00000000d6700000,0x00000000d6800000,0x00000000d6800000)
  to   space 1024K, 0% used [0x00000000d6800000,0x00000000d6800000,0x00000000d6900000)
 ParOldGen       total 81408K, used 81151K [0x0000000080000000, 0x0000000084f80000, 0x00000000d5580000)
  object space 81408K, 99% used [0x0000000080000000,0x0000000084f3ff88,0x0000000084f80000)
 Metaspace       used 22665K, committed 23744K, reserved 1114112K
  class space    used 2088K, committed 2496K, reserved 1048576K
}
Event: 58.451 GC heap before
{Heap before GC invocations=61 (full 6):
 PSYoungGen      total 18432K, used 18432K [0x00000000d5580000, 0x00000000d6900000, 0x0000000100000000)
  eden space 17408K, 100% used [0x00000000d5580000,0x00000000d6680000,0x00000000d6680000)
  from space 1024K, 100% used [0x00000000d6700000,0x00000000d6800000,0x00000000d6800000)
  to   space 1024K, 0% used [0x00000000d6800000,0x00000000d6800000,0x00000000d6900000)
 ParOldGen       total 81408K, used 81151K [0x0000000080000000, 0x0000000084f80000, 0x00000000d5580000)
  object space 81408K, 99% used [0x0000000080000000,0x0000000084f3ff88,0x0000000084f80000)
 Metaspace       used 22665K, committed 23744K, reserved 1114112K
  class space    used 2088K, committed 2496K, reserved 1048576K
}
Event: 58.459 GC heap after
{Heap after GC invocations=61 (full 6):
 PSYoungGen      total 18432K, used 18432K [0x00000000d5580000, 0x00000000d6900000, 0x0000000100000000)
  eden space 17408K, 100% used [0x00000000d5580000,0x00000000d6680000,0x00000000d6680000)
  from space 1024K, 100% used [0x00000000d6700000,0x00000000d6800000,0x00000000d6800000)
  to   space 1024K, 99% used [0x00000000d6800000,0x00000000d68fdab0,0x00000000d6900000)
 ParOldGen       total 83456K, used 83452K [0x0000000080000000, 0x0000000085180000, 0x00000000d5580000)
  object space 83456K, 99% used [0x0000000080000000,0x000000008517f230,0x0000000085180000)
 Metaspace       used 22665K, committed 23744K, reserved 1114112K
  class space    used 2088K, committed 2496K, reserved 1048576K
}
Event: 58.459 GC heap before
{Heap before GC invocations=62 (full 7):
 PSYoungGen      total 18432K, used 18432K [0x00000000d5580000, 0x00000000d6900000, 0x0000000100000000)
  eden space 17408K, 100% used [0x00000000d5580000,0x00000000d6680000,0x00000000d6680000)
  from space 1024K, 100% used [0x00000000d6700000,0x00000000d6800000,0x00000000d6800000)
  to   space 1024K, 99% used [0x00000000d6800000,0x00000000d68fdab0,0x00000000d6900000)
 ParOldGen       total 83456K, used 83452K [0x0000000080000000, 0x0000000085180000, 0x00000000d5580000)
  object space 83456K, 99% used [0x0000000080000000,0x000000008517f230,0x0000000085180000)
 Metaspace       used 22665K, committed 23744K, reserved 1114112K
  class space    used 2088K, committed 2496K, reserved 1048576K
}
Event: 59.015 GC heap after
{Heap after GC invocations=62 (full 7):
 PSYoungGen      total 18432K, used 1830K [0x00000000d5580000, 0x00000000d6900000, 0x0000000100000000)
  eden space 17408K, 10% used [0x00000000d5580000,0x00000000d5749b90,0x00000000d6680000)
  from space 1024K, 0% used [0x00000000d6800000,0x00000000d6800000,0x00000000d6900000)
  to   space 1024K, 0% used [0x00000000d6700000,0x00000000d6700000,0x00000000d6800000)
 ParOldGen       total 83456K, used 83342K [0x0000000080000000, 0x0000000085180000, 0x00000000d5580000)
  object space 83456K, 99% used [0x0000000080000000,0x0000000085163990,0x0000000085180000)
 Metaspace       used 22665K, committed 23744K, reserved 1114112K
  class space    used 2088K, committed 2496K, reserved 1048576K
}
Event: 59.050 GC heap before
{Heap before GC invocations=63 (full 7):
 PSYoungGen      total 18432K, used 17408K [0x00000000d5580000, 0x00000000d6900000, 0x0000000100000000)
  eden space 17408K, 100% used [0x00000000d5580000,0x00000000d6680000,0x00000000d6680000)
  from space 1024K, 0% used [0x00000000d6800000,0x00000000d6800000,0x00000000d6900000)
  to   space 1024K, 0% used [0x00000000d6700000,0x00000000d6700000,0x00000000d6800000)
 ParOldGen       total 83456K, used 83342K [0x0000000080000000, 0x0000000085180000, 0x00000000d5580000)
  object space 83456K, 99% used [0x0000000080000000,0x0000000085163990,0x0000000085180000)
 Metaspace       used 22667K, committed 23744K, reserved 1114112K
  class space    used 2088K, committed 2496K, reserved 1048576K
}
Event: 59.078 GC heap after
{Heap after GC invocations=63 (full 7):
 PSYoungGen      total 18432K, used 1024K [0x00000000d5580000, 0x00000000d6900000, 0x0000000100000000)
  eden space 17408K, 0% used [0x00000000d5580000,0x00000000d5580000,0x00000000d6680000)
  from space 1024K, 100% used [0x00000000d6700000,0x00000000d6800000,0x00000000d6800000)
  to   space 1024K, 0% used [0x00000000d6800000,0x00000000d6800000,0x00000000d6900000)
 ParOldGen       total 90624K, used 90223K [0x0000000080000000, 0x0000000085880000, 0x00000000d5580000)
  object space 90624K, 99% used [0x0000000080000000,0x000000008581bc08,0x0000000085880000)
 Metaspace       used 22667K, committed 23744K, reserved 1114112K
  class space    used 2088K, committed 2496K, reserved 1048576K
}
Event: 59.144 GC heap before
{Heap before GC invocations=64 (full 7):
 PSYoungGen      total 18432K, used 18432K [0x00000000d5580000, 0x00000000d6900000, 0x0000000100000000)
  eden space 17408K, 100% used [0x00000000d5580000,0x00000000d6680000,0x00000000d6680000)
  from space 1024K, 100% used [0x00000000d6700000,0x00000000d6800000,0x00000000d6800000)
  to   space 1024K, 0% used [0x00000000d6800000,0x00000000d6800000,0x00000000d6900000)
 ParOldGen       total 90624K, used 90223K [0x0000000080000000, 0x0000000085880000, 0x00000000d5580000)
  object space 90624K, 99% used [0x0000000080000000,0x000000008581bc08,0x0000000085880000)
 Metaspace       used 22667K, committed 23744K, reserved 1114112K
  class space    used 2088K, committed 2496K, reserved 1048576K
}
Event: 59.159 GC heap after
{Heap after GC invocations=64 (full 7):
 PSYoungGen      total 18432K, used 18432K [0x00000000d5580000, 0x00000000d6900000, 0x0000000100000000)
  eden space 17408K, 100% used [0x00000000d5580000,0x00000000d6680000,0x00000000d6680000)
  from space 1024K, 100% used [0x00000000d6700000,0x00000000d6800000,0x00000000d6800000)
  to   space 1024K, 97% used [0x00000000d6800000,0x00000000d68f8810,0x00000000d6900000)
 ParOldGen       total 93696K, used 93693K [0x0000000080000000, 0x0000000085b80000, 0x00000000d5580000)
  object space 93696K, 99% used [0x0000000080000000,0x0000000085b7f7b0,0x0000000085b80000)
 Metaspace       used 22667K, committed 23744K, reserved 1114112K
  class space    used 2088K, committed 2496K, reserved 1048576K
}
Event: 59.159 GC heap before
{Heap before GC invocations=65 (full 8):
 PSYoungGen      total 18432K, used 18432K [0x00000000d5580000, 0x00000000d6900000, 0x0000000100000000)
  eden space 17408K, 100% used [0x00000000d5580000,0x00000000d6680000,0x00000000d6680000)
  from space 1024K, 100% used [0x00000000d6700000,0x00000000d6800000,0x00000000d6800000)
  to   space 1024K, 97% used [0x00000000d6800000,0x00000000d68f8810,0x00000000d6900000)
 ParOldGen       total 93696K, used 93693K [0x0000000080000000, 0x0000000085b80000, 0x00000000d5580000)
  object space 93696K, 99% used [0x0000000080000000,0x0000000085b7f7b0,0x0000000085b80000)
 Metaspace       used 22667K, committed 23744K, reserved 1114112K
  class space    used 2088K, committed 2496K, reserved 1048576K
}
Event: 59.478 GC heap after
{Heap after GC invocations=65 (full 8):
 PSYoungGen      total 18432K, used 4564K [0x00000000d5580000, 0x00000000d6900000, 0x0000000100000000)
  eden space 17408K, 26% used [0x00000000d5580000,0x00000000d59f5100,0x00000000d6680000)
  from space 1024K, 0% used [0x00000000d6800000,0x00000000d6800000,0x00000000d6900000)
  to   space 1024K, 0% used [0x00000000d6700000,0x00000000d6700000,0x00000000d6800000)
 ParOldGen       total 93696K, used 93603K [0x0000000080000000, 0x0000000085b80000, 0x00000000d5580000)
  object space 93696K, 99% used [0x0000000080000000,0x0000000085b68fe8,0x0000000085b80000)
 Metaspace       used 22667K, committed 23744K, reserved 1114112K
  class space    used 2088K, committed 2496K, reserved 1048576K
}
Event: 59.499 GC heap before
{Heap before GC invocations=66 (full 8):
 PSYoungGen      total 18432K, used 17408K [0x00000000d5580000, 0x00000000d6900000, 0x0000000100000000)
  eden space 17408K, 100% used [0x00000000d5580000,0x00000000d6680000,0x00000000d6680000)
  from space 1024K, 0% used [0x00000000d6800000,0x00000000d6800000,0x00000000d6900000)
  to   space 1024K, 0% used [0x00000000d6700000,0x00000000d6700000,0x00000000d6800000)
 ParOldGen       total 93696K, used 93603K [0x0000000080000000, 0x0000000085b80000, 0x00000000d5580000)
  object space 93696K, 99% used [0x0000000080000000,0x0000000085b68fe8,0x0000000085b80000)
 Metaspace       used 22671K, committed 23744K, reserved 1114112K
  class space    used 2088K, committed 2496K, reserved 1048576K
}

